<?xml version="1.0" encoding="UTF-8"?>
<!-- Generated by org.testng.reporters.JUnitXMLReporter -->
<testsuite ignored="0" hostname="Murats-MacBook-Pro.local" failures="0" tests="7" name="Default test" time="2.286" errors="0" timestamp="22 Dec 2020 04:54:39 GMT">
  <testcase classname="com.sample.test.demo.tests.DemoTest" name="getTitle" time="0.01"/>
  <testcase classname="com.sample.test.demo.tests.DemoTest" name="radio" time="0.093"/>
  <testcase classname="com.sample.test.demo.tests.DemoTest" name="verifyEmptyNameAlert" time="0.235"/>
  <testcase classname="com.sample.test.demo.tests.DemoTest" name="verifyEmptyPhoneAlert" time="0.166"/>
  <testcase classname="com.sample.test.demo.tests.DemoTest" name="verifyPizza1Dropdown" time="0.018"/>
  <testcase classname="com.sample.test.demo.tests.DemoTest" name="verifyToppings1Dropdown" time="0.016"/>
  <testcase classname="com.sample.test.demo.tests.DemoTest" name="verifyToppings2Dropdown" time="0.021"/>
</testsuite> <!-- Default test -->
